[13-Aug-2024 11:53:44 UTC] PHP Fatal error:  Uncaught Error: Call to a member function add_endpoint() on null in D:\WP_GIT\WP_ivan\web\wp\wp-includes\rewrite.php:337
Stack trace:
#0 D:\WP_GIT\WP_ivan\web\app\mu-plugins\woocommerce\includes\class-wc-query.php(212): add_rewrite_endpoint()
#1 D:\WP_GIT\WP_ivan\web\app\mu-plugins\woocommerce\includes\class-wc-install.php(596): WC_Query->add_endpoints()
#2 D:\WP_GIT\WP_ivan\web\app\mu-plugins\woocommerce\includes\class-wc-install.php(502): WC_Install::setup_environment()
#3 D:\WP_GIT\WP_ivan\web\app\mu-plugins\woocommerce\includes\class-wc-install.php(453): WC_Install::install_core()
#4 D:\WP_GIT\WP_ivan\web\wp\wp-includes\class-wp-hook.php(324): WC_Install::install()
#5 D:\WP_GIT\WP_ivan\web\wp\wp-includes\class-wp-hook.php(348): WP_Hook->apply_filters()
#6 D:\WP_GIT\WP_ivan\web\wp\wp-includes\plugin.php(517): WP_Hook->do_action()
#7 D:\WP_GIT\WP_ivan\vendor\roots\bedrock-autoloader\src\Autoloader.php(144): do_action()
#8 D:\WP_GIT\WP_ivan\web\wp\wp-includes\class-wp-hook.php(324): Roots\Bedrock\Autoloader->pluginHooks()
#9 D:\WP_GIT\WP_ivan\web\wp\wp-includes\class-wp-hook.php(348): WP_Hook->apply_filters()
#10 D:\WP_GIT\WP_ivan\web\wp\wp-includes\plugin.php(517): WP_Hook->do_action()
#11 D:\WP_GIT\WP_ivan\web\wp\wp-settings.php(555): do_action()
#12 D:\WP_GIT\WP_ivan\web\wp-config.php(9): require_once('...')
#13 D:\WP_GIT\WP_ivan\web\wp\wp-load.php(55): require_once('...')
#14 D:\WP_GIT\WP_ivan\web\wp\wp-blog-header.php(13): require_once('...')
#15 D:\WP_GIT\WP_ivan\web\index.php(6): require('...')
#16 {main}
  thrown in D:\WP_GIT\WP_ivan\web\wp\wp-includes\rewrite.php on line 337
[13-Aug-2024 11:54:57 UTC] PHP Deprecated:  Function get_page_by_title is <strong>deprecated</strong> since version 6.2.0! Use WP_Query instead. in D:\WP_GIT\WP_ivan\web\wp\wp-includes\functions.php on line 6085
[13-Aug-2024 11:54:58 UTC] PHP Deprecated:  Function get_page_by_title is <strong>deprecated</strong> since version 6.2.0! Use WP_Query instead. in D:\WP_GIT\WP_ivan\web\wp\wp-includes\functions.php on line 6085
[13-Aug-2024 11:54:58 UTC] PHP Deprecated:  Function get_page_by_title is <strong>deprecated</strong> since version 6.2.0! Use WP_Query instead. in D:\WP_GIT\WP_ivan\web\wp\wp-includes\functions.php on line 6085
[13-Aug-2024 11:54:59 UTC] PHP Deprecated:  Function get_page_by_title is <strong>deprecated</strong> since version 6.2.0! Use WP_Query instead. in D:\WP_GIT\WP_ivan\web\wp\wp-includes\functions.php on line 6085
[13-Aug-2024 11:54:59 UTC] PHP Deprecated:  Function get_page_by_title is <strong>deprecated</strong> since version 6.2.0! Use WP_Query instead. in D:\WP_GIT\WP_ivan\web\wp\wp-includes\functions.php on line 6085
[13-Aug-2024 11:55:01 UTC] PHP Deprecated:  Function get_page_by_title is <strong>deprecated</strong> since version 6.2.0! Use WP_Query instead. in D:\WP_GIT\WP_ivan\web\wp\wp-includes\functions.php on line 6085
[13-Aug-2024 11:55:01 UTC] PHP Deprecated:  Function get_page_by_title is <strong>deprecated</strong> since version 6.2.0! Use WP_Query instead. in D:\WP_GIT\WP_ivan\web\wp\wp-includes\functions.php on line 6085
[13-Aug-2024 11:55:02 UTC] PHP Deprecated:  Function get_page_by_title is <strong>deprecated</strong> since version 6.2.0! Use WP_Query instead. in D:\WP_GIT\WP_ivan\web\wp\wp-includes\functions.php on line 6085
[13-Aug-2024 11:55:03 UTC] PHP Deprecated:  Function get_page_by_title is <strong>deprecated</strong> since version 6.2.0! Use WP_Query instead. in D:\WP_GIT\WP_ivan\web\wp\wp-includes\functions.php on line 6085
[13-Aug-2024 11:55:03 UTC] PHP Deprecated:  Function get_page_by_title is <strong>deprecated</strong> since version 6.2.0! Use WP_Query instead. in D:\WP_GIT\WP_ivan\web\wp\wp-includes\functions.php on line 6085
[13-Aug-2024 11:55:04 UTC] PHP Deprecated:  Function get_page_by_title is <strong>deprecated</strong> since version 6.2.0! Use WP_Query instead. in D:\WP_GIT\WP_ivan\web\wp\wp-includes\functions.php on line 6085
[13-Aug-2024 11:55:05 UTC] PHP Deprecated:  Function get_page_by_title is <strong>deprecated</strong> since version 6.2.0! Use WP_Query instead. in D:\WP_GIT\WP_ivan\web\wp\wp-includes\functions.php on line 6085
[13-Aug-2024 11:55:08 UTC] PHP Deprecated:  Function get_page_by_title is <strong>deprecated</strong> since version 6.2.0! Use WP_Query instead. in D:\WP_GIT\WP_ivan\web\wp\wp-includes\functions.php on line 6085
[13-Aug-2024 11:55:08 UTC] PHP Deprecated:  Function get_page_by_title is <strong>deprecated</strong> since version 6.2.0! Use WP_Query instead. in D:\WP_GIT\WP_ivan\web\wp\wp-includes\functions.php on line 6085
[13-Aug-2024 11:55:09 UTC] PHP Deprecated:  Function get_page_by_title is <strong>deprecated</strong> since version 6.2.0! Use WP_Query instead. in D:\WP_GIT\WP_ivan\web\wp\wp-includes\functions.php on line 6085
[13-Aug-2024 11:55:10 UTC] PHP Deprecated:  Function get_page_by_title is <strong>deprecated</strong> since version 6.2.0! Use WP_Query instead. in D:\WP_GIT\WP_ivan\web\wp\wp-includes\functions.php on line 6085
[13-Aug-2024 11:55:13 UTC] PHP Deprecated:  Function get_page_by_title is <strong>deprecated</strong> since version 6.2.0! Use WP_Query instead. in D:\WP_GIT\WP_ivan\web\wp\wp-includes\functions.php on line 6085
[13-Aug-2024 11:55:13 UTC] PHP Deprecated:  Function get_page_by_title is <strong>deprecated</strong> since version 6.2.0! Use WP_Query instead. in D:\WP_GIT\WP_ivan\web\wp\wp-includes\functions.php on line 6085
[13-Aug-2024 11:55:17 UTC] PHP Deprecated:  Function get_page_by_title is <strong>deprecated</strong> since version 6.2.0! Use WP_Query instead. in D:\WP_GIT\WP_ivan\web\wp\wp-includes\functions.php on line 6085
[13-Aug-2024 11:55:18 UTC] PHP Deprecated:  Function get_page_by_title is <strong>deprecated</strong> since version 6.2.0! Use WP_Query instead. in D:\WP_GIT\WP_ivan\web\wp\wp-includes\functions.php on line 6085
[13-Aug-2024 11:58:05 UTC] Bizzio Customized Enable
